2026-07-18 10:30:46 info: [five9-api-connector] *********************************   LOADING CONFIG FROM config.qa.ts ***************************************  
2026-07-18 10:30:46 info: [five9-api-connector]   
2026-07-18 10:30:46 info: [five9-api-connector] ___________________________________________________________________________  
2026-07-18 10:30:46 info: [five9-api-connector]               Starting Inmobiliaria SaaS Skeleton Application               
2026-07-18 10:30:46 info: [five9-api-connector] ___________________________________________________________________________  
2026-07-18 10:30:46 info: [five9-api-connector]   
2026-07-18 10:30:46 info: [five9-api-connector] Configuration loaded for env=development port=8005  
2026-07-18 10:30:46 info: [five9-api-connector] HTTP server listening on port 8005  
2026-07-18 11:04:10 info: [five9-api-connector] *********************************   LOADING CONFIG FROM config.qa.ts ***************************************  
2026-07-18 11:04:10 info: [five9-api-connector]   
2026-07-18 11:04:10 info: [five9-api-connector] ___________________________________________________________________________  
2026-07-18 11:04:10 info: [five9-api-connector]               Starting Inmobiliaria SaaS Skeleton Application               
2026-07-18 11:04:10 info: [five9-api-connector] ___________________________________________________________________________  
2026-07-18 11:04:10 info: [five9-api-connector]   
2026-07-18 11:04:10 info: [five9-api-connector] Configuration loaded for env=development port=8005  
2026-07-18 11:04:10 info: [five9-api-connector] HTTP server listening on port 8005  
2026-07-18 13:40:22 info: [five9-api-connector] *********************************   LOADING CONFIG FROM config.qa.ts ***************************************  
2026-07-18 13:40:22 info: [five9-api-connector]   
2026-07-18 13:40:22 info: [five9-api-connector] ___________________________________________________________________________  
2026-07-18 13:40:22 info: [five9-api-connector]               Starting Inmobiliaria SaaS Skeleton Application               
2026-07-18 13:40:22 info: [five9-api-connector] ___________________________________________________________________________  
2026-07-18 13:40:22 info: [five9-api-connector]   
2026-07-18 13:40:22 info: [five9-api-connector] Configuration loaded for env=development port=8005  
2026-07-18 13:40:22 info: [five9-api-connector] HTTP server listening on port 8005  
2026-07-18 13:56:41 info: [five9-api-connector] *********************************   LOADING CONFIG FROM config.qa.ts ***************************************  
2026-07-18 13:56:42 info: [five9-api-connector]   
2026-07-18 13:56:42 info: [five9-api-connector] ___________________________________________________________________________  
2026-07-18 13:56:42 info: [five9-api-connector]               Starting Inmobiliaria SaaS Skeleton Application               
2026-07-18 13:56:42 info: [five9-api-connector] ___________________________________________________________________________  
2026-07-18 13:56:42 info: [five9-api-connector]   
2026-07-18 13:56:42 info: [five9-api-connector] Configuration loaded for env=development port=8005  
2026-07-18 13:56:42 info: [five9-api-connector] HTTP server listening on port 8005  
2026-07-18 13:58:17 info: [five9-api-connector] *********************************   LOADING CONFIG FROM config.qa.ts ***************************************  
2026-07-18 13:58:17 info: [five9-api-connector]   
2026-07-18 13:58:17 info: [five9-api-connector] ___________________________________________________________________________  
2026-07-18 13:58:17 info: [five9-api-connector]               Starting Inmobiliaria SaaS Skeleton Application               
2026-07-18 13:58:17 info: [five9-api-connector] ___________________________________________________________________________  
2026-07-18 13:58:17 info: [five9-api-connector]   
2026-07-18 13:58:17 info: [five9-api-connector] Configuration loaded for env=development port=8005  
2026-07-18 13:58:17 info: [five9-api-connector] HTTP server listening on port 8005  
